Assuming unrestricted shared filesystem usage.
None
host: Seans-Laptop.local
Building DAG of jobs...
Using shell: /bin/bash
Provided cores: 1 (use --cores to define parallelism)
Rules claiming more threads will be scaled down.
Job stats:
job      count
-----  -------
build        1
total        1

Select jobs to execute...
Execute 1 jobs...
[Mon Nov 24 09:51:28 2025]
localrule build:
    input: /Users/seankent/Documents/jayweb/tools/jayweb.py
    jobid: 0
    reason: Rules with a run or shell declaration but no output are always executed.
    resources: tmpdir=/var/folders/c8/94psm3jd2dv7yy11n8j8fppm0000gn/T
[Mon Nov 24 09:51:28 2025]
Finished jobid: 0 (Rule: build)
1 of 1 steps (100%) done
Complete log(s): /Users/seankent/Documents/jayweb/.snakemake/log/2025-11-24T095128.014337.snakemake.log
